{"/home/aleksey/frontend-project-46/src/compare.js": {"path":"/home/aleksey/frontend-project-46/src/compare.js","all":false,"statementMap":{"0":{"start":{"line":1,"column":0},"end":{"line":1,"column":23}},"1":{"start":{"line":2,"column":0},"end":{"line":2,"column":0}},"2":{"start":{"line":3,"column":0},"end":{"line":3,"column":69}},"3":{"start":{"line":4,"column":0},"end":{"line":4,"column":0}},"4":{"start":{"line":5,"column":0},"end":{"line":5,"column":39}},"5":{"start":{"line":6,"column":0},"end":{"line":6,"column":35}},"6":{"start":{"line":7,"column":0},"end":{"line":7,"column":35}},"7":{"start":{"line":8,"column":0},"end":{"line":8,"column":55}},"8":{"start":{"line":9,"column":0},"end":{"line":9,"column":31}},"9":{"start":{"line":10,"column":0},"end":{"line":10,"column":0}},"10":{"start":{"line":11,"column":0},"end":{"line":11,"column":29}},"11":{"start":{"line":12,"column":0},"end":{"line":12,"column":27}},"12":{"start":{"line":13,"column":0},"end":{"line":13,"column":41}},"13":{"start":{"line":14,"column":0},"end":{"line":14,"column":41}},"14":{"start":{"line":15,"column":0},"end":{"line":15,"column":0}},"15":{"start":{"line":16,"column":0},"end":{"line":16,"column":30}},"16":{"start":{"line":17,"column":0},"end":{"line":17,"column":50}},"17":{"start":{"line":18,"column":0},"end":{"line":18,"column":37}},"18":{"start":{"line":19,"column":0},"end":{"line":19,"column":50}},"19":{"start":{"line":20,"column":0},"end":{"line":20,"column":65}},"20":{"start":{"line":21,"column":0},"end":{"line":21,"column":50}},"21":{"start":{"line":22,"column":0},"end":{"line":22,"column":50}},"22":{"start":{"line":23,"column":0},"end":{"line":23,"column":36}},"23":{"start":{"line":24,"column":0},"end":{"line":24,"column":50}},"24":{"start":{"line":25,"column":0},"end":{"line":25,"column":7}},"25":{"start":{"line":26,"column":0},"end":{"line":26,"column":17}},"26":{"start":{"line":27,"column":0},"end":{"line":27,"column":11}},"27":{"start":{"line":28,"column":0},"end":{"line":28,"column":0}},"28":{"start":{"line":29,"column":0},"end":{"line":29,"column":10}},"29":{"start":{"line":30,"column":0},"end":{"line":30,"column":8}},"30":{"start":{"line":31,"column":0},"end":{"line":31,"column":14}},"31":{"start":{"line":32,"column":0},"end":{"line":32,"column":8}},"32":{"start":{"line":33,"column":0},"end":{"line":33,"column":15}},"33":{"start":{"line":34,"column":0},"end":{"line":34,"column":2}},"34":{"start":{"line":35,"column":0},"end":{"line":35,"column":27}}},"s":{"0":1,"1":1,"2":1,"3":1,"4":1,"5":2,"6":2,"7":2,"8":2,"9":2,"10":2,"11":2,"12":8,"13":8,"14":8,"15":8,"16":2,"17":8,"18":2,"19":6,"20":4,"21":4,"22":4,"23":0,"24":0,"25":8,"26":2,"27":2,"28":2,"29":2,"30":2,"31":2,"32":2,"33":2,"34":1},"branchMap":{"0":{"type":"branch","line":3,"loc":{"start":{"line":3,"column":18},"end":{"line":3,"column":68}},"locations":[{"start":{"line":3,"column":18},"end":{"line":3,"column":68}}]},"1":{"type":"branch","line":5,"loc":{"start":{"line":5,"column":20},"end":{"line":34,"column":2}},"locations":[{"start":{"line":5,"column":20},"end":{"line":34,"column":2}}]},"2":{"type":"branch","line":12,"loc":{"start":{"line":12,"column":12},"end":{"line":27,"column":5}},"locations":[{"start":{"line":12,"column":12},"end":{"line":27,"column":5}}]},"3":{"type":"branch","line":16,"loc":{"start":{"line":16,"column":16},"end":{"line":16,"column":27}},"locations":[{"start":{"line":16,"column":16},"end":{"line":16,"column":27}}]},"4":{"type":"branch","line":16,"loc":{"start":{"line":16,"column":29},"end":{"line":18,"column":7}},"locations":[{"start":{"line":16,"column":29},"end":{"line":18,"column":7}}]},"5":{"type":"branch","line":18,"loc":{"start":{"line":18,"column":7},"end":{"line":25,"column":7}},"locations":[{"start":{"line":18,"column":7},"end":{"line":25,"column":7}}]},"6":{"type":"branch","line":18,"loc":{"start":{"line":18,"column":24},"end":{"line":18,"column":34}},"locations":[{"start":{"line":18,"column":24},"end":{"line":18,"column":34}}]},"7":{"type":"branch","line":18,"loc":{"start":{"line":18,"column":36},"end":{"line":20,"column":7}},"locations":[{"start":{"line":18,"column":36},"end":{"line":20,"column":7}}]},"8":{"type":"branch","line":20,"loc":{"start":{"line":20,"column":7},"end":{"line":25,"column":7}},"locations":[{"start":{"line":20,"column":7},"end":{"line":25,"column":7}}]},"9":{"type":"branch","line":23,"loc":{"start":{"line":23,"column":7},"end":{"line":25,"column":7}},"locations":[{"start":{"line":23,"column":7},"end":{"line":25,"column":7}}]}},"b":{"0":[12],"1":[2],"2":[8],"3":[6],"4":[2],"5":[6],"6":[2],"7":[2],"8":[4],"9":[0]},"fnMap":{"0":{"name":"getResult","decl":{"start":{"line":3,"column":18},"end":{"line":3,"column":68}},"loc":{"start":{"line":3,"column":18},"end":{"line":3,"column":68}},"line":3},"1":{"name":"getFlatDiff","decl":{"start":{"line":5,"column":20},"end":{"line":34,"column":2}},"loc":{"start":{"line":5,"column":20},"end":{"line":34,"column":2}},"line":5}},"f":{"0":12,"1":2}}
,"/home/aleksey/frontend-project-46/src/index.js": {"path":"/home/aleksey/frontend-project-46/src/index.js","all":false,"statementMap":{"0":{"start":{"line":1,"column":0},"end":{"line":1,"column":38}},"1":{"start":{"line":2,"column":0},"end":{"line":2,"column":24}},"2":{"start":{"line":3,"column":0},"end":{"line":3,"column":25}},"3":{"start":{"line":4,"column":0},"end":{"line":4,"column":31}},"4":{"start":{"line":5,"column":0},"end":{"line":5,"column":44}},"5":{"start":{"line":6,"column":0},"end":{"line":6,"column":39}},"6":{"start":{"line":7,"column":0},"end":{"line":7,"column":0}},"7":{"start":{"line":8,"column":0},"end":{"line":8,"column":88}},"8":{"start":{"line":9,"column":0},"end":{"line":9,"column":68}},"9":{"start":{"line":10,"column":0},"end":{"line":10,"column":99}},"10":{"start":{"line":11,"column":0},"end":{"line":11,"column":0}},"11":{"start":{"line":12,"column":0},"end":{"line":12,"column":63}},"12":{"start":{"line":13,"column":0},"end":{"line":13,"column":43}},"13":{"start":{"line":14,"column":0},"end":{"line":14,"column":43}},"14":{"start":{"line":15,"column":0},"end":{"line":15,"column":47}},"15":{"start":{"line":16,"column":0},"end":{"line":16,"column":47}},"16":{"start":{"line":17,"column":0},"end":{"line":17,"column":0}},"17":{"start":{"line":18,"column":0},"end":{"line":18,"column":35}},"18":{"start":{"line":19,"column":0},"end":{"line":19,"column":35}},"19":{"start":{"line":20,"column":0},"end":{"line":20,"column":24}},"20":{"start":{"line":21,"column":0},"end":{"line":21,"column":24}},"21":{"start":{"line":22,"column":0},"end":{"line":22,"column":0}},"22":{"start":{"line":23,"column":0},"end":{"line":23,"column":45}},"23":{"start":{"line":24,"column":0},"end":{"line":24,"column":0}},"24":{"start":{"line":25,"column":0},"end":{"line":25,"column":42}},"25":{"start":{"line":26,"column":0},"end":{"line":26,"column":38}},"26":{"start":{"line":27,"column":0},"end":{"line":27,"column":0}},"27":{"start":{"line":28,"column":0},"end":{"line":28,"column":30}},"28":{"start":{"line":29,"column":0},"end":{"line":29,"column":18}},"29":{"start":{"line":30,"column":0},"end":{"line":30,"column":2}},"30":{"start":{"line":31,"column":0},"end":{"line":31,"column":0}},"31":{"start":{"line":32,"column":0},"end":{"line":32,"column":23}}},"s":{"0":1,"1":1,"2":1,"3":1,"4":1,"5":1,"6":1,"7":1,"8":1,"9":1,"10":1,"11":1,"12":2,"13":2,"14":2,"15":2,"16":2,"17":2,"18":2,"19":2,"20":2,"21":2,"22":2,"23":2,"24":2,"25":2,"26":2,"27":2,"28":2,"29":2,"30":1,"31":1},"branchMap":{"0":{"type":"branch","line":8,"loc":{"start":{"line":8,"column":21},"end":{"line":8,"column":87}},"locations":[{"start":{"line":8,"column":21},"end":{"line":8,"column":87}}]},"1":{"type":"branch","line":9,"loc":{"start":{"line":9,"column":23},"end":{"line":9,"column":67}},"locations":[{"start":{"line":9,"column":23},"end":{"line":9,"column":67}}]},"2":{"type":"branch","line":10,"loc":{"start":{"line":10,"column":17},"end":{"line":10,"column":98}},"locations":[{"start":{"line":10,"column":17},"end":{"line":10,"column":98}}]},"3":{"type":"branch","line":12,"loc":{"start":{"line":12,"column":16},"end":{"line":30,"column":2}},"locations":[{"start":{"line":12,"column":16},"end":{"line":30,"column":2}}]}},"b":{"0":[4],"1":[4],"2":[4],"3":[2]},"fnMap":{"0":{"name":"getFullPath","decl":{"start":{"line":8,"column":21},"end":{"line":8,"column":87}},"loc":{"start":{"line":8,"column":21},"end":{"line":8,"column":87}},"line":8},"1":{"name":"extractFormat","decl":{"start":{"line":9,"column":23},"end":{"line":9,"column":67}},"loc":{"start":{"line":9,"column":23},"end":{"line":9,"column":67}},"line":9},"2":{"name":"getData","decl":{"start":{"line":10,"column":17},"end":{"line":10,"column":98}},"loc":{"start":{"line":10,"column":17},"end":{"line":10,"column":98}},"line":10},"3":{"name":"genDiff","decl":{"start":{"line":12,"column":16},"end":{"line":30,"column":2}},"loc":{"start":{"line":12,"column":16},"end":{"line":30,"column":2}},"line":12}},"f":{"0":4,"1":4,"2":4,"3":2}}
,"/home/aleksey/frontend-project-46/src/parse.js": {"path":"/home/aleksey/frontend-project-46/src/parse.js","all":false,"statementMap":{"0":{"start":{"line":1,"column":0},"end":{"line":1,"column":27}},"1":{"start":{"line":2,"column":0},"end":{"line":2,"column":0}},"2":{"start":{"line":3,"column":0},"end":{"line":3,"column":17}},"3":{"start":{"line":4,"column":0},"end":{"line":4,"column":19}},"4":{"start":{"line":5,"column":0},"end":{"line":5,"column":18}},"5":{"start":{"line":6,"column":0},"end":{"line":6,"column":17}},"6":{"start":{"line":7,"column":0},"end":{"line":7,"column":2}},"7":{"start":{"line":8,"column":0},"end":{"line":8,"column":0}},"8":{"start":{"line":9,"column":0},"end":{"line":9,"column":55}}},"s":{"0":1,"1":1,"2":1,"3":1,"4":1,"5":1,"6":1,"7":1,"8":1},"branchMap":{"0":{"type":"branch","line":9,"loc":{"start":{"line":9,"column":15},"end":{"line":9,"column":54}},"locations":[{"start":{"line":9,"column":15},"end":{"line":9,"column":54}}]}},"b":{"0":[4]},"fnMap":{"0":{"name":"default","decl":{"start":{"line":9,"column":15},"end":{"line":9,"column":54}},"loc":{"start":{"line":9,"column":15},"end":{"line":9,"column":54}},"line":9}},"f":{"0":4}}
}
