TN:
SF:src/compare.js
FN:3,getResult
FN:5,getFlatDiff
FNF:2
FNH:2
FNDA:12,getResult
FNDA:2,getFlatDiff
DA:1,1
DA:2,1
DA:3,1
DA:4,1
DA:5,1
DA:6,2
DA:7,2
DA:8,2
DA:9,2
DA:10,2
DA:11,2
DA:12,2
DA:13,8
DA:14,8
DA:15,8
DA:16,8
DA:17,2
DA:18,8
DA:19,2
DA:20,6
DA:21,4
DA:22,4
DA:23,4
DA:24,0
DA:25,0
DA:26,8
DA:27,2
DA:28,2
DA:29,2
DA:30,2
DA:31,2
DA:32,2
DA:33,2
DA:34,2
DA:35,1
LF:35
LH:33
BRDA:3,0,0,12
BRDA:5,1,0,2
BRDA:12,2,0,8
BRDA:16,3,0,6
BRDA:16,4,0,2
BRDA:18,5,0,6
BRDA:18,6,0,2
BRDA:18,7,0,2
BRDA:20,8,0,4
BRDA:23,9,0,0
BRF:10
BRH:9
end_of_record
TN:
SF:src/index.js
FN:8,getFullPath
FN:9,extractFormat
FN:10,getData
FN:12,genDiff
FNF:4
FNH:4
FNDA:4,getFullPath
FNDA:4,extractFormat
FNDA:4,getData
FNDA:2,genDiff
DA:1,1
DA:2,1
DA:3,1
DA:4,1
DA:5,1
DA:6,1
DA:7,1
DA:8,1
DA:9,1
DA:10,1
DA:11,1
DA:12,1
DA:13,2
DA:14,2
DA:15,2
DA:16,2
DA:17,2
DA:18,2
DA:19,2
DA:20,2
DA:21,2
DA:22,2
DA:23,2
DA:24,2
DA:25,2
DA:26,2
DA:27,2
DA:28,2
DA:29,2
DA:30,2
DA:31,1
DA:32,1
LF:32
LH:32
BRDA:8,0,0,4
BRDA:9,1,0,4
BRDA:10,2,0,4
BRDA:12,3,0,2
BRF:4
BRH:4
end_of_record
TN:
SF:src/parse.js
FN:9,default
FNF:1
FNH:1
FNDA:4,default
DA:1,1
DA:2,1
DA:3,1
DA:4,1
DA:5,1
DA:6,1
DA:7,1
DA:8,1
DA:9,1
LF:9
LH:9
BRDA:9,0,0,4
BRF:1
BRH:1
end_of_record
